2018-02-24 14:45:24,432 ERROR 7212 [-/127.0.0.1/-/8ms GET /] nodejs.TypeError: this.config.keys.split is not a function
    at Application.get keys [as keys] (E:\workcode\egg-example\node_modules\egg\lib\application.js:249:37)
    at Object.get cookies [as cookies] (E:\workcode\egg-example\node_modules\egg\app\extend\context.js:18:66)
    at Object.get [egg-security#CSRF_SECRET] (E:\workcode\egg-example\node_modules\egg-security\app\extend\context.js:77:33)
    at Object.ensureCsrfSecret (E:\workcode\egg-example\node_modules\egg-security\app\extend\context.js:88:13)
    at csrf (E:\workcode\egg-example\node_modules\egg-security\lib\middlewares\csrf.js:14:9)
    at dispatch (E:\workcode\egg-example\node_modules\koa-compose\index.js:42:32)
    at E:\workcode\egg-example\node_modules\koa-compose\index.js:34:12
    at dispatch (E:\workcode\egg-example\node_modules\koa-compose\index.js:42:32)
    at next (E:\workcode\egg-example\node_modules\koa-compose\index.js:43:18)
    at session (E:\workcode\egg-example\node_modules\koa-session\index.js:41:13)

pid: 7212
hostname: st0011125

2018-02-24 14:46:14,430 ERROR 5656 [-/127.0.0.1/-/12ms GET /] nodejs.Error: Please set config.keys first
    at Application.get keys [as keys] (E:\workcode\egg-example\node_modules\egg\lib\application.js:246:15)
    at Object.get cookies [as cookies] (E:\workcode\egg-example\node_modules\egg\app\extend\context.js:18:66)
    at Object.get [egg-security#CSRF_SECRET] (E:\workcode\egg-example\node_modules\egg-security\app\extend\context.js:77:33)
    at Object.ensureCsrfSecret (E:\workcode\egg-example\node_modules\egg-security\app\extend\context.js:88:13)
    at csrf (E:\workcode\egg-example\node_modules\egg-security\lib\middlewares\csrf.js:14:9)
    at dispatch (E:\workcode\egg-example\node_modules\koa-compose\index.js:42:32)
    at E:\workcode\egg-example\node_modules\koa-compose\index.js:34:12
    at dispatch (E:\workcode\egg-example\node_modules\koa-compose\index.js:42:32)
    at next (E:\workcode\egg-example\node_modules\koa-compose\index.js:43:18)
    at session (E:\workcode\egg-example\node_modules\koa-session\index.js:41:13)

pid: 5656
hostname: st0011125

2018-02-24 14:46:16,537 ERROR 5656 [-/127.0.0.1/-/1ms GET /] nodejs.Error: Please set config.keys first
    at Application.get keys [as keys] (E:\workcode\egg-example\node_modules\egg\lib\application.js:246:15)
    at Object.get cookies [as cookies] (E:\workcode\egg-example\node_modules\egg\app\extend\context.js:18:66)
    at Object.get [egg-security#CSRF_SECRET] (E:\workcode\egg-example\node_modules\egg-security\app\extend\context.js:77:33)
    at Object.ensureCsrfSecret (E:\workcode\egg-example\node_modules\egg-security\app\extend\context.js:88:13)
    at csrf (E:\workcode\egg-example\node_modules\egg-security\lib\middlewares\csrf.js:14:9)
    at dispatch (E:\workcode\egg-example\node_modules\koa-compose\index.js:42:32)
    at E:\workcode\egg-example\node_modules\koa-compose\index.js:34:12
    at dispatch (E:\workcode\egg-example\node_modules\koa-compose\index.js:42:32)
    at next (E:\workcode\egg-example\node_modules\koa-compose\index.js:43:18)
    at session (E:\workcode\egg-example\node_modules\koa-session\index.js:41:13)

pid: 5656
hostname: st0011125

2018-02-24 15:35:26,001 ERROR 7232 [-/127.0.0.1/-/19ms GET /news] nodejs.AssertionError [ERR_ASSERTION]: Can't find ViewEngine "nunjucks"
    at ContextView.[contextView#getViewEngine] (E:\workcode\egg-example\node_modules\egg-view\lib\context_view.js:87:5)
    at ContextView.[contextView#render] (E:\workcode\egg-example\node_modules\egg-view\lib\context_view.js:68:39)
    at <anonymous>
generatedMessage: false
name: 'AssertionError [ERR_ASSERTION]'
code: 'ERR_ASSERTION'
actual: undefined
expected: true
operator: '=='
pid: 7232
hostname: st0011125

2018-02-24 16:27:26,880 ERROR 7964 [-/127.0.0.1/-/12ms GET /news] nodejs.ReferenceError: ctx is not defined
    at NewsController.list (E:\workcode\egg-example\app\controller\news.js:6:26)
    at Object.callFn (E:\workcode\egg-example\node_modules\egg-core\lib\utils\index.js:44:21)
    at Object.classControllerMiddleware (E:\workcode\egg-example\node_modules\egg-core\lib\loader\mixin\controller.js:84:20)
    at Object.callFn (E:\workcode\egg-example\node_modules\egg-core\lib\utils\index.js:44:21)
    at wrappedController (E:\workcode\egg-example\node_modules\egg-core\lib\utils\router.js:322:18)
    at dispatch (E:\workcode\egg-example\node_modules\koa-router\node_modules\koa-compose\index.js:44:32)
    at next (E:\workcode\egg-example\node_modules\koa-router\node_modules\koa-compose\index.js:45:18)
    at E:\workcode\egg-example\node_modules\koa-router\lib\router.js:346:16
    at dispatch (E:\workcode\egg-example\node_modules\koa-router\node_modules\koa-compose\index.js:44:32)
    at E:\workcode\egg-example\node_modules\koa-router\node_modules\koa-compose\index.js:36:12

pid: 7964
hostname: st0011125

2018-02-24 16:28:33,579 ERROR 7852 [-/undefined/-/5041ms GET /news] nodejs.ConnectionTimeoutError: Connect timeout for 5000ms, GET https://hacker-news.firebaseio.com/v0/topstories.json -2 (connected: false, keepalive socket: false, agent status: {"createSocketCount":2,"createSocketErrorCount":0,"closeSocketCount":1,"errorSocketCount":0,"timeoutSocketCount":0,"requestCount":0,"freeSockets":{},"sockets":{"hacker-news.firebaseio.com:443:::::::::":1},"requests":{}})
headers: {}
headers: {}
    at Timeout._onTimeout (E:\workcode\egg-example\node_modules\urllib\lib\urllib.js:735:15)
    at ontimeout (timers.js:475:11)
    at tryOnTimeout (timers.js:310:5)
    at Timer.listOnTimeout (timers.js:270:5)
name: 'ConnectionTimeoutError'
requestId: 1
data: undefined
path: '/v0/topstories.json?orderBy=%22%24key%22&startAt=%220%22&endAt=%220%22'
status: -2
headers: {}
res: { status: -2, statusCode: -2, headers: {}, size: 0, aborted: false, rt: 5022, keepAliveSocket: false, data: undefined, requestUrls: [ 'https://hacker-news.firebaseio.com/v0/topstories.json' ], timing: null, remoteAddress: '35.201.97.85', remotePort: '' }
headerSent: true
pid: 7852
hostname: st0011125

2018-02-24 16:28:36,263 ERROR 7852 [-/127.0.0.1/-/5006ms GET /news] nodejs.ConnectionTimeoutError: Connect timeout for 5000ms, GET https://hacker-news.firebaseio.com/v0/topstories.json -2 (connected: false, keepalive socket: false, agent status: {"createSocketCount":2,"createSocketErrorCount":0,"closeSocketCount":2,"errorSocketCount":0,"timeoutSocketCount":0,"requestCount":0,"freeSockets":{},"sockets":{},"requests":{}})
headers: {}
headers: {}
    at Timeout._onTimeout (E:\workcode\egg-example\node_modules\urllib\lib\urllib.js:735:15)
    at ontimeout (timers.js:475:11)
    at tryOnTimeout (timers.js:310:5)
    at Timer.listOnTimeout (timers.js:270:5)
name: 'ConnectionTimeoutError'
requestId: 2
data: undefined
path: '/v0/topstories.json?orderBy=%22%24key%22&startAt=%220%22&endAt=%220%22'
status: -2
headers: {}
res: { status: -2, statusCode: -2, headers: {}, size: 0, aborted: false, rt: 5003, keepAliveSocket: false, data: undefined, requestUrls: [ 'https://hacker-news.firebaseio.com/v0/topstories.json' ], timing: null, remoteAddress: '35.201.97.85', remotePort: '' }
pid: 7852
hostname: st0011125

2018-02-24 16:33:52,410 ERROR 7696 [-/127.0.0.1/-/5047ms GET /news] nodejs.ConnectionTimeoutError: Connect timeout for 5000ms, GET https://hacker-news.firebaseio.com/v0/topstories.json -2 (connected: false, keepalive socket: false, agent status: {"createSocketCount":1,"createSocketErrorCount":0,"closeSocketCount":1,"errorSocketCount":0,"timeoutSocketCount":0,"requestCount":0,"freeSockets":{},"sockets":{},"requests":{}})
headers: {}
headers: {}
    at Timeout._onTimeout (E:\workcode\egg-example\node_modules\urllib\lib\urllib.js:735:15)
    at ontimeout (timers.js:475:11)
    at tryOnTimeout (timers.js:310:5)
    at Timer.listOnTimeout (timers.js:270:5)
name: 'ConnectionTimeoutError'
requestId: 1
data: undefined
path: '/v0/topstories.json?orderBy=%22%24key%22&startAt=%220%22&endAt=%220%22'
status: -2
headers: {}
res: { status: -2, statusCode: -2, headers: {}, size: 0, aborted: false, rt: 5018, keepAliveSocket: false, data: undefined, requestUrls: [ 'https://hacker-news.firebaseio.com/v0/topstories.json' ], timing: null, remoteAddress: '35.201.97.85', remotePort: '' }
pid: 7696
hostname: st0011125

2018-02-24 16:42:03,934 ERROR 5628 [-/127.0.0.1/-/5035ms GET /news] nodejs.ConnectionTimeoutError: Connect timeout for 5000ms, GET https://hacker-news.firebaseio.com/v0/topstories.json -2 (connected: false, keepalive socket: false, agent status: {"createSocketCount":1,"createSocketErrorCount":0,"closeSocketCount":1,"errorSocketCount":0,"timeoutSocketCount":0,"requestCount":0,"freeSockets":{},"sockets":{},"requests":{}})
headers: {}
headers: {}
    at Timeout._onTimeout (E:\workcode\egg-example\node_modules\urllib\lib\urllib.js:735:15)
    at ontimeout (timers.js:475:11)
    at tryOnTimeout (timers.js:310:5)
    at Timer.listOnTimeout (timers.js:270:5)
name: 'ConnectionTimeoutError'
requestId: 1
data: undefined
path: '/v0/topstories.json?orderBy=%22%24key%22&startAt=%220%22&endAt=%220%22'
status: -2
headers: {}
res: { status: -2, statusCode: -2, headers: {}, size: 0, aborted: false, rt: 5017, keepAliveSocket: false, data: undefined, requestUrls: [ 'https://hacker-news.firebaseio.com/v0/topstories.json' ], timing: null, remoteAddress: '35.201.97.85', remotePort: '' }
pid: 5628
hostname: st0011125

2018-02-24 16:42:32,283 ERROR 7952 [-/127.0.0.1/-/5047ms GET /news] nodejs.ConnectionTimeoutError: Connect timeout for 5000ms, GET https://hacker-news.firebaseio.com/v0/topstories.json -2 (connected: false, keepalive socket: false, agent status: {"createSocketCount":1,"createSocketErrorCount":0,"closeSocketCount":1,"errorSocketCount":0,"timeoutSocketCount":0,"requestCount":0,"freeSockets":{},"sockets":{},"requests":{}})
headers: {}
headers: {}
    at Timeout._onTimeout (E:\workcode\egg-example\node_modules\urllib\lib\urllib.js:735:15)
    at ontimeout (timers.js:475:11)
    at tryOnTimeout (timers.js:310:5)
    at Timer.listOnTimeout (timers.js:270:5)
name: 'ConnectionTimeoutError'
requestId: 1
data: undefined
path: '/v0/topstories.json?orderBy=%22%24key%22&startAt=%220%22&endAt=%220%22'
status: -2
headers: {}
res: { status: -2, statusCode: -2, headers: {}, size: 0, aborted: false, rt: 5021, keepAliveSocket: false, data: undefined, requestUrls: [ 'https://hacker-news.firebaseio.com/v0/topstories.json' ], timing: null, remoteAddress: '35.201.97.85', remotePort: '' }
pid: 7952
hostname: st0011125

2018-02-24 16:45:12,782 ERROR 8016 [-/127.0.0.1/-/5042ms GET /news] nodejs.ConnectionTimeoutError: Connect timeout for 5000ms, GET https://hacker-news.firebaseio.com/v0/topstories.json -2 (connected: false, keepalive socket: false, agent status: {"createSocketCount":1,"createSocketErrorCount":0,"closeSocketCount":1,"errorSocketCount":0,"timeoutSocketCount":0,"requestCount":0,"freeSockets":{},"sockets":{},"requests":{}})
headers: {}
headers: {}
    at Timeout._onTimeout (E:\workcode\egg-example\node_modules\urllib\lib\urllib.js:735:15)
    at ontimeout (timers.js:475:11)
    at tryOnTimeout (timers.js:310:5)
    at Timer.listOnTimeout (timers.js:270:5)
name: 'ConnectionTimeoutError'
requestId: 1
data: undefined
path: '/v0/topstories.json?orderBy=%22%24key%22&startAt=%220%22&endAt=%224%22'
status: -2
headers: {}
res: { status: -2, statusCode: -2, headers: {}, size: 0, aborted: false, rt: 5019, keepAliveSocket: false, data: undefined, requestUrls: [ 'https://hacker-news.firebaseio.com/v0/topstories.json' ], timing: null, remoteAddress: '35.201.97.85', remotePort: '' }
pid: 8016
hostname: st0011125

2018-02-24 17:05:10,727 ERROR 2916 [-/127.0.0.1/-/5039ms GET /news] nodejs.ConnectionTimeoutError: Connect timeout for 5000ms, GET https://hacker-news.firebaseio.com/v0/topstories.json -2 (connected: false, keepalive socket: false, agent status: {"createSocketCount":1,"createSocketErrorCount":0,"closeSocketCount":1,"errorSocketCount":0,"timeoutSocketCount":0,"requestCount":0,"freeSockets":{},"sockets":{},"requests":{}})
headers: {}
headers: {}
    at Timeout._onTimeout (E:\workcode\egg-example\node_modules\urllib\lib\urllib.js:735:15)
    at ontimeout (timers.js:475:11)
    at tryOnTimeout (timers.js:310:5)
    at Timer.listOnTimeout (timers.js:270:5)
name: 'ConnectionTimeoutError'
requestId: 1
data: undefined
path: '/v0/topstories.json?orderBy=%22%24key%22&startAt=%220%22&endAt=%224%22'
status: -2
headers: {}
res: { status: -2, statusCode: -2, headers: {}, size: 0, aborted: false, rt: 5024, keepAliveSocket: false, data: undefined, requestUrls: [ 'https://hacker-news.firebaseio.com/v0/topstories.json' ], timing: null, remoteAddress: '35.201.97.85', remotePort: '' }
pid: 2916
hostname: st0011125

